{"contracts/Factory.sol":{"l":{"18":102,"28":33,"33":33,"40":33,"41":33,"43":33,"51":2,"55":2,"56":2,"61":2,"62":2,"63":2,"65":2,"66":2,"70":37,"74":37,"86":2,"94":3,"98":2,"102":78,"106":74},"path":"/Users/aditya/Documents/HL/aastra/contracts/Factory.sol","s":{"1":102,"2":33,"3":33,"4":33,"5":33,"6":33,"7":2,"8":2,"9":2,"10":2,"11":2,"12":2,"13":2,"14":2,"15":37,"16":37,"17":2,"18":3,"19":2,"20":78},"b":{"1":[33,0],"2":[2,0],"3":[2,0],"4":[37,0],"5":[2,1],"6":[74,4]},"f":{"1":102,"2":33,"3":2,"4":37,"5":2,"6":3,"7":78},"fnMap":{"1":{"name":"constructor","line":17,"loc":{"start":{"line":17,"column":4},"end":{"line":19,"column":4}}},"2":{"name":"createVault","line":27,"loc":{"start":{"line":21,"column":4},"end":{"line":44,"column":4}}},"3":{"name":"updateManager","line":49,"loc":{"start":{"line":46,"column":4},"end":{"line":67,"column":4}}},"4":{"name":"setRouter","line":69,"loc":{"start":{"line":69,"column":4},"end":{"line":75,"column":4}}},"5":{"name":"setGovernance","line":84,"loc":{"start":{"line":81,"column":4},"end":{"line":87,"column":4}}},"6":{"name":"acceptGovernance","line":93,"loc":{"start":{"line":93,"column":4},"end":{"line":99,"column":4}}},"7":{"name":"onlyGovernance","line":101,"loc":{"start":{"line":101,"column":4},"end":{"line":107,"column":4}}}},"statementMap":{"1":{"start":{"line":18,"column":8},"end":{"line":18,"column":30}},"2":{"start":{"line":28,"column":8},"end":{"line":28,"column":794}},"3":{"start":{"line":33,"column":8},"end":{"line":33,"column":949}},"4":{"start":{"line":40,"column":8},"end":{"line":40,"column":57}},"5":{"start":{"line":41,"column":8},"end":{"line":41,"column":57}},"6":{"start":{"line":43,"column":8},"end":{"line":43,"column":77}},"7":{"start":{"line":51,"column":8},"end":{"line":51,"column":1434}},"8":{"start":{"line":55,"column":8},"end":{"line":55,"column":49}},"9":{"start":{"line":56,"column":8},"end":{"line":56,"column":1626}},"10":{"start":{"line":61,"column":8},"end":{"line":61,"column":44}},"11":{"start":{"line":62,"column":8},"end":{"line":62,"column":41}},"12":{"start":{"line":63,"column":8},"end":{"line":63,"column":41}},"13":{"start":{"line":65,"column":8},"end":{"line":65,"column":49}},"14":{"start":{"line":66,"column":8},"end":{"line":66,"column":53}},"15":{"start":{"line":70,"column":8},"end":{"line":70,"column":2107}},"16":{"start":{"line":74,"column":8},"end":{"line":74,"column":23}},"17":{"start":{"line":86,"column":8},"end":{"line":86,"column":38}},"18":{"start":{"line":94,"column":8},"end":{"line":94,"column":2782}},"19":{"start":{"line":98,"column":8},"end":{"line":98,"column":30}},"20":{"start":{"line":102,"column":8},"end":{"line":102,"column":3025}}},"branchMap":{"1":{"line":28,"type":"if","locations":[{"start":{"line":28,"column":8},"end":{"line":28,"column":8}},{"start":{"line":28,"column":8},"end":{"line":28,"column":8}}]},"2":{"line":51,"type":"if","locations":[{"start":{"line":51,"column":8},"end":{"line":51,"column":8}},{"start":{"line":51,"column":8},"end":{"line":51,"column":8}}]},"3":{"line":56,"type":"if","locations":[{"start":{"line":56,"column":8},"end":{"line":56,"column":8}},{"start":{"line":56,"column":8},"end":{"line":56,"column":8}}]},"4":{"line":70,"type":"if","locations":[{"start":{"line":70,"column":8},"end":{"line":70,"column":8}},{"start":{"line":70,"column":8},"end":{"line":70,"column":8}}]},"5":{"line":94,"type":"if","locations":[{"start":{"line":94,"column":8},"end":{"line":94,"column":8}},{"start":{"line":94,"column":8},"end":{"line":94,"column":8}}]},"6":{"line":102,"type":"if","locations":[{"start":{"line":102,"column":8},"end":{"line":102,"column":8}},{"start":{"line":102,"column":8},"end":{"line":102,"column":8}}]}}},"contracts/interfaces/IERC20Metadata.sol":{"l":{},"path":"/Users/aditya/Documents/HL/aastra/contracts/interfaces/IERC20Metadata.sol","s":{},"b":{},"f":{},"fnMap":{},"statementMap":{},"branchMap":{}},"contracts/interfaces/IFactory.sol":{"l":{},"path":"/Users/aditya/Documents/HL/aastra/contracts/interfaces/IFactory.sol","s":{},"b":{},"f":{},"fnMap":{},"statementMap":{},"branchMap":{}},"contracts/interfaces/IRouter.sol":{"l":{},"path":"/Users/aditya/Documents/HL/aastra/contracts/interfaces/IRouter.sol","s":{},"b":{},"f":{},"fnMap":{},"statementMap":{},"branchMap":{}},"contracts/interfaces/IVault.sol":{"l":{},"path":"/Users/aditya/Documents/HL/aastra/contracts/interfaces/IVault.sol","s":{},"b":{},"f":{},"fnMap":{},"statementMap":{},"branchMap":{}},"contracts/libraries/LongMath.sol":{"l":{"21":54,"22":54,"23":54,"30":54,"31":54,"32":54,"35":54,"40":0,"48":0,"49":0,"53":0,"61":0,"63":0,"68":0,"74":0,"77":0,"84":0,"88":0,"89":0,"90":0,"91":0,"92":0,"93":0,"101":0,"102":0},"path":"/Users/aditya/Documents/HL/aastra/contracts/libraries/LongMath.sol","s":{"1":54,"2":54,"3":54,"4":54,"5":54,"6":0,"7":0,"8":0,"9":0,"10":0,"11":0,"12":0,"13":0,"14":0,"15":0,"16":0,"17":0,"18":0},"b":{"1":[54,0],"2":[54,0],"3":[0,0]},"f":{"1":54},"fnMap":{"1":{"name":"mulDiv","line":11,"loc":{"start":{"line":11,"column":4},"end":{"line":103,"column":4}}}},"statementMap":{"1":{"start":{"line":21,"column":8},"end":{"line":21,"column":21}},"2":{"start":{"line":22,"column":8},"end":{"line":22,"column":21}},"3":{"start":{"line":30,"column":8},"end":{"line":30,"column":1223}},"4":{"start":{"line":31,"column":12},"end":{"line":31,"column":35}},"5":{"start":{"line":35,"column":12},"end":{"line":35,"column":25}},"6":{"start":{"line":40,"column":8},"end":{"line":40,"column":35}},"7":{"start":{"line":48,"column":8},"end":{"line":48,"column":25}},"8":{"start":{"line":61,"column":8},"end":{"line":61,"column":49}},"9":{"start":{"line":77,"column":8},"end":{"line":77,"column":28}},"10":{"start":{"line":84,"column":8},"end":{"line":84,"column":43}},"11":{"start":{"line":88,"column":8},"end":{"line":88,"column":35}},"12":{"start":{"line":89,"column":8},"end":{"line":89,"column":35}},"13":{"start":{"line":90,"column":8},"end":{"line":90,"column":35}},"14":{"start":{"line":91,"column":8},"end":{"line":91,"column":35}},"15":{"start":{"line":92,"column":8},"end":{"line":92,"column":35}},"16":{"start":{"line":93,"column":8},"end":{"line":93,"column":35}},"17":{"start":{"line":101,"column":8},"end":{"line":101,"column":27}},"18":{"start":{"line":102,"column":8},"end":{"line":102,"column":21}}},"branchMap":{"1":{"line":30,"type":"if","locations":[{"start":{"line":30,"column":8},"end":{"line":30,"column":8}},{"start":{"line":30,"column":8},"end":{"line":30,"column":8}}]},"2":{"line":31,"type":"if","locations":[{"start":{"line":31,"column":12},"end":{"line":31,"column":12}},{"start":{"line":31,"column":12},"end":{"line":31,"column":12}}]},"3":{"line":40,"type":"if","locations":[{"start":{"line":40,"column":8},"end":{"line":40,"column":8}},{"start":{"line":40,"column":8},"end":{"line":40,"column":8}}]}}},"contracts/Router.sol":{"l":{"19":114,"29":22,"30":21,"39":20,"41":20,"50":8,"51":7,"60":7,"62":7,"74":28,"75":28,"76":28,"77":28,"81":28,"82":8,"84":28,"85":24,"86":24,"88":24,"109":6,"110":6,"115":6,"132":4,"133":4,"138":4,"151":2,"152":2,"162":2,"163":2,"168":1,"169":1,"182":30,"185":30,"189":28},"path":"/Users/aditya/Documents/HL/aastra/contracts/Router.sol","s":{"1":114,"2":22,"3":21,"4":20,"5":20,"6":8,"7":7,"8":7,"9":7,"10":28,"11":28,"12":28,"13":28,"14":28,"15":8,"16":28,"17":24,"18":24,"19":24,"20":6,"21":6,"22":6,"23":4,"24":4,"25":4,"26":2,"27":2,"28":2,"29":2,"30":1,"31":1,"32":30,"33":30,"34":28},"b":{"1":[28,0],"2":[28,0],"3":[8,20],"4":[24,4],"5":[28,2]},"f":{"1":114,"2":22,"3":8,"4":28,"5":6,"6":4,"7":2,"8":2,"9":1,"10":30},"fnMap":{"1":{"name":"constructor","line":18,"loc":{"start":{"line":18,"column":4},"end":{"line":20,"column":4}}},"2":{"name":"newBaseLiquidity","line":28,"loc":{"start":{"line":23,"column":4},"end":{"line":42,"column":4}}},"3":{"name":"newLimitLiquidity","line":49,"loc":{"start":{"line":45,"column":4},"end":{"line":63,"column":4}}},"4":{"name":"newLiquidity","line":65,"loc":{"start":{"line":65,"column":4},"end":{"line":96,"column":4}}},"5":{"name":"getBaseAmounts","line":99,"loc":{"start":{"line":99,"column":4},"end":{"line":119,"column":4}}},"6":{"name":"getLimitAmounts","line":122,"loc":{"start":{"line":122,"column":4},"end":{"line":142,"column":4}}},"7":{"name":"getBaseTicks","line":145,"loc":{"start":{"line":145,"column":4},"end":{"line":153,"column":4}}},"8":{"name":"getLimitTicks","line":156,"loc":{"start":{"line":156,"column":4},"end":{"line":164,"column":4}}},"9":{"name":"compoundFee","line":167,"loc":{"start":{"line":167,"column":4},"end":{"line":170,"column":4}}},"10":{"name":"_getVault","line":181,"loc":{"start":{"line":181,"column":4},"end":{"line":190,"column":4}}}},"statementMap":{"1":{"start":{"line":19,"column":8},"end":{"line":19,"column":35}},"2":{"start":{"line":29,"column":8},"end":{"line":29,"column":44}},"3":{"start":{"line":30,"column":8},"end":{"line":30,"column":881}},"4":{"start":{"line":39,"column":8},"end":{"line":39,"column":49}},"5":{"start":{"line":41,"column":8},"end":{"line":41,"column":87}},"6":{"start":{"line":50,"column":8},"end":{"line":50,"column":44}},"7":{"start":{"line":51,"column":8},"end":{"line":51,"column":1466}},"8":{"start":{"line":60,"column":8},"end":{"line":60,"column":52}},"9":{"start":{"line":62,"column":8},"end":{"line":62,"column":90}},"10":{"start":{"line":74,"column":8},"end":{"line":74,"column":47}},"11":{"start":{"line":75,"column":8},"end":{"line":75,"column":60}},"12":{"start":{"line":76,"column":8},"end":{"line":76,"column":45}},"13":{"start":{"line":77,"column":8},"end":{"line":77,"column":2215}},"14":{"start":{"line":81,"column":8},"end":{"line":81,"column":2333}},"15":{"start":{"line":82,"column":12},"end":{"line":82,"column":73}},"16":{"start":{"line":84,"column":8},"end":{"line":84,"column":2451}},"17":{"start":{"line":85,"column":12},"end":{"line":85,"column":50}},"18":{"start":{"line":86,"column":12},"end":{"line":86,"column":50}},"19":{"start":{"line":88,"column":12},"end":{"line":88,"column":2594}},"20":{"start":{"line":109,"column":8},"end":{"line":109,"column":37}},"21":{"start":{"line":110,"column":8},"end":{"line":110,"column":3120}},"22":{"start":{"line":115,"column":8},"end":{"line":115,"column":3239}},"23":{"start":{"line":132,"column":8},"end":{"line":132,"column":37}},"24":{"start":{"line":133,"column":8},"end":{"line":133,"column":3652}},"25":{"start":{"line":138,"column":8},"end":{"line":138,"column":3773}},"26":{"start":{"line":151,"column":8},"end":{"line":151,"column":37}},"27":{"start":{"line":152,"column":8},"end":{"line":152,"column":53}},"28":{"start":{"line":162,"column":8},"end":{"line":162,"column":37}},"29":{"start":{"line":163,"column":8},"end":{"line":163,"column":55}},"30":{"start":{"line":168,"column":8},"end":{"line":168,"column":37}},"31":{"start":{"line":169,"column":8},"end":{"line":169,"column":26}},"32":{"start":{"line":182,"column":8},"end":{"line":182,"column":55}},"33":{"start":{"line":185,"column":8},"end":{"line":185,"column":5104}},"34":{"start":{"line":189,"column":8},"end":{"line":189,"column":29}}},"branchMap":{"1":{"line":74,"type":"if","locations":[{"start":{"line":74,"column":8},"end":{"line":74,"column":8}},{"start":{"line":74,"column":8},"end":{"line":74,"column":8}}]},"2":{"line":75,"type":"if","locations":[{"start":{"line":75,"column":8},"end":{"line":75,"column":8}},{"start":{"line":75,"column":8},"end":{"line":75,"column":8}}]},"3":{"line":81,"type":"if","locations":[{"start":{"line":81,"column":8},"end":{"line":81,"column":8}},{"start":{"line":81,"column":8},"end":{"line":81,"column":8}}]},"4":{"line":84,"type":"if","locations":[{"start":{"line":84,"column":8},"end":{"line":84,"column":8}},{"start":{"line":84,"column":8},"end":{"line":84,"column":8}}]},"5":{"line":185,"type":"if","locations":[{"start":{"line":185,"column":8},"end":{"line":185,"column":8}},{"start":{"line":185,"column":8},"end":{"line":185,"column":8}}]}}},"contracts/test/ISwapRouter.sol":{"l":{},"path":"/Users/aditya/Documents/HL/aastra/contracts/test/ISwapRouter.sol","s":{},"b":{},"f":{},"fnMap":{},"statementMap":{},"branchMap":{}},"contracts/test/IWETH.sol":{"l":{},"path":"/Users/aditya/Documents/HL/aastra/contracts/test/IWETH.sol","s":{},"b":{},"f":{},"fnMap":{},"statementMap":{},"branchMap":{}},"contracts/test/TestToken.sol":{"l":{"13":0},"path":"/Users/aditya/Documents/HL/aastra/contracts/test/TestToken.sol","s":{"1":0},"b":{},"f":{"1":0},"fnMap":{"1":{"name":"constructor","line":12,"loc":{"start":{"line":7,"column":4},"end":{"line":14,"column":4}}}},"statementMap":{"1":{"start":{"line":13,"column":8},"end":{"line":13,"column":28}}},"branchMap":{}},"contracts/Vault.sol":{"l":{"75":33,"76":33,"77":33,"78":33,"79":33,"81":33,"82":33,"84":33,"90":11,"95":4,"100":77,"121":28,"125":28,"128":28,"129":28,"132":28,"137":28,"138":28,"139":28,"142":28,"143":28,"144":28,"145":28,"147":28,"151":28,"155":28,"156":28,"158":28,"161":28,"165":28,"168":28,"172":28,"173":3,"179":3,"182":28,"183":1,"189":1,"193":28,"194":28,"195":28,"211":3,"212":3,"213":3,"216":3,"219":3,"220":3,"223":3,"230":3,"238":3,"239":3,"240":3,"241":3,"243":3,"244":3,"246":3,"251":95,"252":95,"253":22,"264":6,"265":6,"269":6,"270":1,"278":1,"279":1,"291":16,"293":16,"294":16,"295":16,"299":16,"300":16,"302":16,"303":16,"304":16,"308":16,"309":16,"312":16,"316":16,"330":23,"337":23,"338":16,"345":16,"358":7,"378":28,"379":28,"380":28,"387":1,"389":1,"396":2,"398":2,"406":2,"407":1,"409":1,"415":1,"435":8,"453":9,"455":9,"457":9,"465":9,"468":9,"469":9,"473":9,"489":10,"490":10,"491":10,"492":10,"494":10,"496":10,"497":10,"498":10,"499":10,"502":10,"507":10,"508":10,"509":10,"510":10,"513":10,"518":10,"519":10,"520":10,"522":10,"523":10,"524":10,"528":10,"535":10,"546":16,"547":16,"549":16,"550":6,"552":10,"555":16,"566":16,"575":1,"576":1,"577":1,"578":1,"587":1,"588":1,"589":1,"590":1,"599":20,"608":7,"617":1,"627":1,"628":1,"629":1,"630":1,"632":1,"642":1,"643":1,"644":1,"645":1,"647":1,"657":1,"658":1,"659":1,"660":1,"678":28,"679":28,"682":28,"684":28,"686":24,"687":24,"688":24,"690":0,"691":0,"693":0,"694":0,"696":4,"700":4,"703":4,"704":4,"705":4,"716":56,"720":56,"724":56,"725":56,"735":178,"742":178,"749":178,"750":178,"751":178,"759":92,"770":92,"778":1,"783":1,"788":1,"789":1,"793":10,"794":5,"798":2,"802":1,"803":1,"807":76,"808":76,"809":75,"813":32,"814":31,"830":319,"836":319,"846":51,"847":51,"863":201,"864":201,"875":37,"876":37,"877":37,"878":37,"879":37,"880":37,"889":28,"890":28,"891":28,"900":0,"902":0,"903":0,"904":0,"905":0},"path":"/Users/aditya/Documents/HL/aastra/contracts/Vault.sol","s":{"1":33,"2":33,"3":33,"4":33,"5":33,"6":33,"7":33,"8":33,"9":0,"10":33,"11":11,"12":4,"13":77,"14":28,"15":28,"16":28,"17":28,"18":28,"19":28,"20":28,"21":28,"22":28,"23":28,"24":28,"25":28,"26":28,"27":28,"28":28,"29":28,"30":28,"31":28,"32":28,"33":28,"34":3,"35":3,"36":28,"37":1,"38":1,"39":28,"40":28,"41":28,"42":3,"43":3,"44":3,"45":3,"46":3,"47":3,"48":3,"49":3,"50":3,"51":3,"52":3,"53":3,"54":3,"55":3,"56":3,"57":3,"58":3,"59":95,"60":95,"61":22,"62":6,"63":6,"64":6,"65":1,"66":1,"67":1,"68":16,"69":16,"70":16,"71":16,"72":16,"73":16,"74":16,"75":16,"76":16,"77":16,"78":16,"79":16,"80":16,"81":23,"82":23,"83":16,"84":16,"85":7,"86":28,"87":28,"88":28,"89":1,"90":1,"91":2,"92":2,"93":2,"94":1,"95":1,"96":1,"97":8,"98":9,"99":9,"100":9,"101":9,"102":9,"103":9,"104":9,"105":10,"106":10,"107":10,"108":10,"109":10,"110":10,"111":10,"112":10,"113":10,"114":10,"115":10,"116":10,"117":10,"118":10,"119":10,"120":10,"121":10,"122":10,"123":10,"124":10,"125":10,"126":10,"127":16,"128":16,"129":16,"130":6,"131":10,"132":16,"133":16,"134":1,"135":1,"136":1,"137":1,"138":1,"139":1,"140":1,"141":1,"142":1,"143":1,"144":1,"145":1,"146":20,"147":7,"148":1,"149":1,"150":1,"151":1,"152":1,"153":1,"154":1,"155":1,"156":1,"157":1,"158":1,"159":1,"160":1,"161":1,"162":1,"163":1,"164":1,"165":28,"166":28,"167":28,"168":28,"169":24,"170":24,"171":24,"172":4,"173":0,"174":0,"175":4,"176":0,"177":0,"178":4,"179":4,"180":4,"181":4,"182":4,"183":56,"184":56,"185":56,"186":56,"187":178,"188":178,"189":178,"190":178,"191":178,"192":92,"193":92,"194":1,"195":1,"196":1,"197":1,"198":10,"199":2,"200":1,"201":76,"202":76,"203":32,"204":319,"205":319,"206":51,"207":51,"208":201,"209":201,"210":37,"211":37,"212":37,"213":37,"214":37,"215":37,"216":28,"217":28,"218":28,"219":28,"220":20,"221":0,"222":0,"223":0,"224":0,"225":0},"b":{"1":[0,33],"2":[28,0],"3":[28,0],"4":[28,0],"5":[28,0],"6":[28,0],"7":[28,0],"8":[28,0],"9":[3,25],"10":[1,27],"11":[28,0],"12":[3,0],"13":[3,0],"14":[3,0],"15":[3,0],"16":[3,0],"17":[3,0],"18":[22,73],"19":[1,5],"20":[16,0],"21":[16,7],"22":[28,0],"23":[1,1],"24":[9,0],"25":[10,0],"26":[10,0],"27":[10,0],"28":[10,0],"29":[6,10],"30":[1,0],"31":[1,0],"32":[1,0],"33":[1,0],"34":[1,0],"35":[1,0],"36":[1,0],"37":[1,0],"38":[1,0],"39":[1,0],"40":[24,4],"41":[0,4],"42":[0,4],"43":[4,0],"44":[5,5],"45":[1,1],"46":[1,0],"47":[76,0],"48":[75,1],"49":[31,1],"50":[37,0],"51":[37,0],"52":[37,0],"53":[37,0],"54":[37,0],"55":[28,0],"56":[28,0],"57":[20,8],"58":[0,0],"59":[0,0],"60":[0,0]},"f":{"1":33,"2":11,"3":4,"4":77,"5":28,"6":3,"7":95,"8":6,"9":16,"10":23,"11":28,"12":1,"13":2,"14":8,"15":9,"16":10,"17":16,"18":1,"19":1,"20":20,"21":7,"22":1,"23":1,"24":28,"25":56,"26":178,"27":92,"28":92,"29":1,"30":1,"31":1,"32":10,"33":2,"34":76,"35":32,"36":319,"37":51,"38":201,"39":37,"40":28,"41":0},"fnMap":{"1":{"name":"constructor","line":74,"loc":{"start":{"line":69,"column":4},"end":{"line":86,"column":4}}},"2":{"name":"governance","line":89,"loc":{"start":{"line":89,"column":4},"end":{"line":91,"column":4}}},"3":{"name":"strategy","line":94,"loc":{"start":{"line":94,"column":4},"end":{"line":96,"column":4}}},"4":{"name":"router","line":99,"loc":{"start":{"line":99,"column":4},"end":{"line":101,"column":4}}},"5":{"name":"deposit","line":114,"loc":{"start":{"line":104,"column":4},"end":{"line":196,"column":4}}},"6":{"name":"withdraw","line":208,"loc":{"start":{"line":199,"column":4},"end":{"line":247,"column":4}}},"7":{"name":"poke","line":250,"loc":{"start":{"line":250,"column":4},"end":{"line":255,"column":4}}},"8":{"name":"burnLiquidityShare","line":258,"loc":{"start":{"line":258,"column":4},"end":{"line":281,"column":4}}},"9":{"name":"performOptimalSwap","line":284,"loc":{"start":{"line":284,"column":4},"end":{"line":319,"column":4}}},"10":{"name":"mintOptimalLiquidity","line":328,"loc":{"start":{"line":322,"column":4},"end":{"line":370,"column":4}}},"11":{"name":"mintLiquidity","line":373,"loc":{"start":{"line":373,"column":4},"end":{"line":382,"column":4}}},"12":{"name":"compoundFee","line":385,"loc":{"start":{"line":385,"column":4},"end":{"line":390,"column":4}}},"13":{"name":"collectFeeAndReinvest","line":395,"loc":{"start":{"line":395,"column":4},"end":{"line":417,"column":4}}},"14":{"name":"burnAndCollect","line":427,"loc":{"start":{"line":420,"column":4},"end":{"line":436,"column":4}}},"15":{"name":"_burnAndCollect","line":440,"loc":{"start":{"line":440,"column":4},"end":{"line":482,"column":4}}},"16":{"name":"calculateFee","line":485,"loc":{"start":{"line":485,"column":4},"end":{"line":536,"column":4}}},"17":{"name":"swapTokensFromPool","line":543,"loc":{"start":{"line":539,"column":4},"end":{"line":567,"column":4}}},"18":{"name":"collectProtocol","line":574,"loc":{"start":{"line":570,"column":4},"end":{"line":579,"column":4}}},"19":{"name":"collectStrategy","line":586,"loc":{"start":{"line":582,"column":4},"end":{"line":591,"column":4}}},"20":{"name":"setBaseTicks","line":597,"loc":{"start":{"line":594,"column":4},"end":{"line":600,"column":4}}},"21":{"name":"setLimitTicks","line":606,"loc":{"start":{"line":603,"column":4},"end":{"line":609,"column":4}}},"22":{"name":"setMaxTotalSupply","line":615,"loc":{"start":{"line":612,"column":4},"end":{"line":618,"column":4}}},"23":{"name":"emergencyBurnAndCollect","line":624,"loc":{"start":{"line":621,"column":4},"end":{"line":661,"column":4}}},"24":{"name":"_calcSharesAndAmounts","line":666,"loc":{"start":{"line":666,"column":4},"end":{"line":707,"column":4}}},"25":{"name":"getTotalAmounts","line":710,"loc":{"start":{"line":710,"column":4},"end":{"line":726,"column":4}}},"26":{"name":"getPositionAmounts","line":729,"loc":{"start":{"line":729,"column":4},"end":{"line":752,"column":4}}},"27":{"name":"getBalance0","line":758,"loc":{"start":{"line":758,"column":4},"end":{"line":763,"column":4}}},"28":{"name":"getBalance1","line":769,"loc":{"start":{"line":769,"column":4},"end":{"line":774,"column":4}}},"29":{"name":"freezeStrategy","line":777,"loc":{"start":{"line":777,"column":4},"end":{"line":779,"column":4}}},"30":{"name":"freezeUser","line":782,"loc":{"start":{"line":782,"column":4},"end":{"line":784,"column":4}}},"31":{"name":"_toUint128","line":787,"loc":{"start":{"line":787,"column":4},"end":{"line":790,"column":4}}},"32":{"name":"onlyGovernance","line":792,"loc":{"start":{"line":792,"column":4},"end":{"line":795,"column":4}}},"33":{"name":"onlyStrategy","line":797,"loc":{"start":{"line":797,"column":4},"end":{"line":804,"column":4}}},"34":{"name":"onlyRouter","line":806,"loc":{"start":{"line":806,"column":4},"end":{"line":810,"column":4}}},"35":{"name":"onlyUser","line":812,"loc":{"start":{"line":812,"column":4},"end":{"line":815,"column":4}}},"36":{"name":"position","line":818,"loc":{"start":{"line":818,"column":4},"end":{"line":837,"column":4}}},"37":{"name":"_liquidityForAmounts","line":840,"loc":{"start":{"line":840,"column":4},"end":{"line":855,"column":4}}},"38":{"name":"_amountsForLiquidity","line":858,"loc":{"start":{"line":858,"column":4},"end":{"line":871,"column":4}}},"39":{"name":"checkRange","line":874,"loc":{"start":{"line":874,"column":4},"end":{"line":881,"column":4}}},"40":{"name":"uniswapV3MintCallback","line":884,"loc":{"start":{"line":884,"column":4},"end":{"line":892,"column":4}}},"41":{"name":"uniswapV3SwapCallback","line":895,"loc":{"start":{"line":895,"column":4},"end":{"line":906,"column":4}}}},"statementMap":{"1":{"start":{"line":75,"column":8},"end":{"line":75,"column":37}},"2":{"start":{"line":76,"column":8},"end":{"line":76,"column":35}},"3":{"start":{"line":77,"column":8},"end":{"line":77,"column":62}},"4":{"start":{"line":78,"column":8},"end":{"line":78,"column":62}},"5":{"start":{"line":79,"column":8},"end":{"line":79,"column":56}},"6":{"start":{"line":81,"column":8},"end":{"line":81,"column":33}},"7":{"start":{"line":82,"column":8},"end":{"line":82,"column":33}},"8":{"start":{"line":84,"column":8},"end":{"line":84,"column":2991}},"9":{"start":{"line":84,"column":33},"end":{"line":84,"column":64}},"10":{"start":{"line":85,"column":13},"end":{"line":85,"column":46}},"11":{"start":{"line":90,"column":8},"end":{"line":90,"column":35}},"12":{"start":{"line":95,"column":8},"end":{"line":95,"column":50}},"13":{"start":{"line":100,"column":8},"end":{"line":100,"column":31}},"14":{"start":{"line":121,"column":8},"end":{"line":121,"column":3970}},"15":{"start":{"line":125,"column":8},"end":{"line":125,"column":61}},"16":{"start":{"line":128,"column":8},"end":{"line":128,"column":33}},"17":{"start":{"line":129,"column":8},"end":{"line":129,"column":35}},"18":{"start":{"line":132,"column":8},"end":{"line":132,"column":4370}},"19":{"start":{"line":137,"column":8},"end":{"line":137,"column":36}},"20":{"start":{"line":138,"column":8},"end":{"line":138,"column":51}},"21":{"start":{"line":139,"column":8},"end":{"line":139,"column":51}},"22":{"start":{"line":142,"column":8},"end":{"line":142,"column":4746}},"23":{"start":{"line":143,"column":12},"end":{"line":143,"column":70}},"24":{"start":{"line":144,"column":8},"end":{"line":144,"column":4844}},"25":{"start":{"line":145,"column":12},"end":{"line":145,"column":70}},"26":{"start":{"line":147,"column":8},"end":{"line":147,"column":4881}},"27":{"start":{"line":151,"column":8},"end":{"line":151,"column":5010}},"28":{"start":{"line":156,"column":12},"end":{"line":156,"column":76}},"29":{"start":{"line":158,"column":12},"end":{"line":158,"column":5240}},"30":{"start":{"line":161,"column":12},"end":{"line":161,"column":5352}},"31":{"start":{"line":165,"column":12},"end":{"line":165,"column":5465}},"32":{"start":{"line":168,"column":12},"end":{"line":168,"column":5579}},"33":{"start":{"line":172,"column":12},"end":{"line":172,"column":5719}},"34":{"start":{"line":173,"column":16},"end":{"line":173,"column":5790}},"35":{"start":{"line":179,"column":16},"end":{"line":179,"column":65}},"36":{"start":{"line":182,"column":12},"end":{"line":182,"column":6080}},"37":{"start":{"line":183,"column":16},"end":{"line":183,"column":6153}},"38":{"start":{"line":189,"column":16},"end":{"line":189,"column":68}},"39":{"start":{"line":193,"column":8},"end":{"line":193,"column":24}},"40":{"start":{"line":194,"column":8},"end":{"line":194,"column":62}},"41":{"start":{"line":195,"column":8},"end":{"line":195,"column":65}},"42":{"start":{"line":211,"column":8},"end":{"line":211,"column":36}},"43":{"start":{"line":212,"column":8},"end":{"line":212,"column":61}},"44":{"start":{"line":213,"column":8},"end":{"line":213,"column":43}},"45":{"start":{"line":216,"column":8},"end":{"line":216,"column":32}},"46":{"start":{"line":219,"column":8},"end":{"line":219,"column":74}},"47":{"start":{"line":220,"column":8},"end":{"line":220,"column":74}},"48":{"start":{"line":223,"column":8},"end":{"line":223,"column":7429}},"49":{"start":{"line":230,"column":8},"end":{"line":230,"column":7604}},"50":{"start":{"line":238,"column":8},"end":{"line":238,"column":65}},"51":{"start":{"line":239,"column":8},"end":{"line":239,"column":65}},"52":{"start":{"line":240,"column":8},"end":{"line":240,"column":51}},"53":{"start":{"line":241,"column":8},"end":{"line":241,"column":51}},"54":{"start":{"line":243,"column":8},"end":{"line":243,"column":57}},"55":{"start":{"line":243,"column":25},"end":{"line":243,"column":56}},"56":{"start":{"line":244,"column":8},"end":{"line":244,"column":57}},"57":{"start":{"line":244,"column":25},"end":{"line":244,"column":56}},"58":{"start":{"line":246,"column":8},"end":{"line":246,"column":63}},"59":{"start":{"line":251,"column":8},"end":{"line":251,"column":68}},"60":{"start":{"line":252,"column":8},"end":{"line":252,"column":8470}},"61":{"start":{"line":253,"column":12},"end":{"line":253,"column":45}},"62":{"start":{"line":264,"column":8},"end":{"line":264,"column":73}},"63":{"start":{"line":265,"column":8},"end":{"line":265,"column":8907}},"64":{"start":{"line":269,"column":8},"end":{"line":269,"column":9011}},"65":{"start":{"line":270,"column":12},"end":{"line":270,"column":9112}},"66":{"start":{"line":278,"column":12},"end":{"line":278,"column":68}},"67":{"start":{"line":279,"column":12},"end":{"line":279,"column":68}},"68":{"start":{"line":291,"column":8},"end":{"line":291,"column":9872}},"69":{"start":{"line":293,"column":8},"end":{"line":293,"column":67}},"70":{"start":{"line":294,"column":8},"end":{"line":294,"column":57}},"71":{"start":{"line":295,"column":8},"end":{"line":295,"column":10054}},"72":{"start":{"line":299,"column":8},"end":{"line":299,"column":63}},"73":{"start":{"line":300,"column":8},"end":{"line":300,"column":55}},"74":{"start":{"line":302,"column":8},"end":{"line":302,"column":129}},"75":{"start":{"line":303,"column":8},"end":{"line":303,"column":25}},"76":{"start":{"line":304,"column":8},"end":{"line":304,"column":10493}},"77":{"start":{"line":308,"column":8},"end":{"line":308,"column":10605}},"78":{"start":{"line":309,"column":12},"end":{"line":309,"column":67}},"79":{"start":{"line":312,"column":8},"end":{"line":312,"column":10741}},"80":{"start":{"line":316,"column":8},"end":{"line":316,"column":10856}},"81":{"start":{"line":330,"column":8},"end":{"line":330,"column":11178}},"82":{"start":{"line":337,"column":8},"end":{"line":337,"column":11418}},"83":{"start":{"line":338,"column":12},"end":{"line":338,"column":11454}},"84":{"start":{"line":345,"column":12},"end":{"line":345,"column":11665}},"85":{"start":{"line":358,"column":12},"end":{"line":358,"column":11975}},"86":{"start":{"line":378,"column":8},"end":{"line":378,"column":39}},"87":{"start":{"line":379,"column":8},"end":{"line":379,"column":12487}},"88":{"start":{"line":380,"column":12},"end":{"line":380,"column":72}},"89":{"start":{"line":387,"column":8},"end":{"line":387,"column":50}},"90":{"start":{"line":389,"column":8},"end":{"line":389,"column":52}},"91":{"start":{"line":396,"column":8},"end":{"line":396,"column":33}},"92":{"start":{"line":398,"column":8},"end":{"line":398,"column":13141}},"93":{"start":{"line":406,"column":8},"end":{"line":406,"column":13347}},"94":{"start":{"line":407,"column":12},"end":{"line":407,"column":75}},"95":{"start":{"line":409,"column":12},"end":{"line":409,"column":13478}},"96":{"start":{"line":415,"column":12},"end":{"line":415,"column":57}},"97":{"start":{"line":435,"column":8},"end":{"line":435,"column":63}},"98":{"start":{"line":453,"column":8},"end":{"line":453,"column":39}},"99":{"start":{"line":455,"column":8},"end":{"line":455,"column":33}},"100":{"start":{"line":457,"column":8},"end":{"line":457,"column":14635}},"101":{"start":{"line":465,"column":8},"end":{"line":465,"column":80}},"102":{"start":{"line":468,"column":8},"end":{"line":468,"column":14936}},"103":{"start":{"line":469,"column":12},"end":{"line":469,"column":74}},"104":{"start":{"line":473,"column":12},"end":{"line":473,"column":15122}},"105":{"start":{"line":489,"column":8},"end":{"line":489,"column":31}},"106":{"start":{"line":490,"column":8},"end":{"line":490,"column":31}},"107":{"start":{"line":491,"column":8},"end":{"line":491,"column":31}},"108":{"start":{"line":492,"column":8},"end":{"line":492,"column":31}},"109":{"start":{"line":496,"column":12},"end":{"line":496,"column":15769}},"110":{"start":{"line":497,"column":16},"end":{"line":497,"column":71}},"111":{"start":{"line":498,"column":16},"end":{"line":498,"column":71}},"112":{"start":{"line":499,"column":16},"end":{"line":499,"column":15960}},"113":{"start":{"line":502,"column":16},"end":{"line":502,"column":16080}},"114":{"start":{"line":507,"column":12},"end":{"line":507,"column":16207}},"115":{"start":{"line":508,"column":16},"end":{"line":508,"column":71}},"116":{"start":{"line":509,"column":16},"end":{"line":509,"column":71}},"117":{"start":{"line":510,"column":16},"end":{"line":510,"column":16398}},"118":{"start":{"line":513,"column":16},"end":{"line":513,"column":16518}},"119":{"start":{"line":518,"column":12},"end":{"line":518,"column":16645}},"120":{"start":{"line":519,"column":16},"end":{"line":519,"column":63}},"121":{"start":{"line":520,"column":16},"end":{"line":520,"column":63}},"122":{"start":{"line":522,"column":12},"end":{"line":522,"column":16826}},"123":{"start":{"line":523,"column":16},"end":{"line":523,"column":63}},"124":{"start":{"line":524,"column":16},"end":{"line":524,"column":63}},"125":{"start":{"line":528,"column":8},"end":{"line":528,"column":17011}},"126":{"start":{"line":535,"column":8},"end":{"line":535,"column":43}},"127":{"start":{"line":546,"column":8},"end":{"line":546,"column":78}},"128":{"start":{"line":547,"column":8},"end":{"line":547,"column":79}},"129":{"start":{"line":549,"column":8},"end":{"line":549,"column":17583}},"130":{"start":{"line":550,"column":12},"end":{"line":550,"column":62}},"131":{"start":{"line":552,"column":12},"end":{"line":552,"column":62}},"132":{"start":{"line":555,"column":8},"end":{"line":555,"column":17772}},"133":{"start":{"line":566,"column":8},"end":{"line":566,"column":58}},"134":{"start":{"line":575,"column":8},"end":{"line":575,"column":63}},"135":{"start":{"line":576,"column":8},"end":{"line":576,"column":63}},"136":{"start":{"line":577,"column":8},"end":{"line":577,"column":57}},"137":{"start":{"line":577,"column":25},"end":{"line":577,"column":56}},"138":{"start":{"line":578,"column":8},"end":{"line":578,"column":57}},"139":{"start":{"line":578,"column":25},"end":{"line":578,"column":56}},"140":{"start":{"line":587,"column":8},"end":{"line":587,"column":63}},"141":{"start":{"line":588,"column":8},"end":{"line":588,"column":63}},"142":{"start":{"line":589,"column":8},"end":{"line":589,"column":57}},"143":{"start":{"line":589,"column":25},"end":{"line":589,"column":56}},"144":{"start":{"line":590,"column":8},"end":{"line":590,"column":57}},"145":{"start":{"line":590,"column":25},"end":{"line":590,"column":56}},"146":{"start":{"line":599,"column":8},"end":{"line":599,"column":56}},"147":{"start":{"line":608,"column":8},"end":{"line":608,"column":60}},"148":{"start":{"line":617,"column":8},"end":{"line":617,"column":39}},"149":{"start":{"line":627,"column":8},"end":{"line":627,"column":19898}},"150":{"start":{"line":628,"column":12},"end":{"line":628,"column":76}},"151":{"start":{"line":629,"column":12},"end":{"line":629,"column":20022}},"152":{"start":{"line":630,"column":16},"end":{"line":630,"column":61}},"153":{"start":{"line":632,"column":16},"end":{"line":632,"column":20132}},"154":{"start":{"line":642,"column":8},"end":{"line":642,"column":20353}},"155":{"start":{"line":643,"column":12},"end":{"line":643,"column":79}},"156":{"start":{"line":644,"column":12},"end":{"line":644,"column":20482}},"157":{"start":{"line":645,"column":16},"end":{"line":645,"column":64}},"158":{"start":{"line":647,"column":16},"end":{"line":647,"column":20596}},"159":{"start":{"line":657,"column":8},"end":{"line":657,"column":45}},"160":{"start":{"line":658,"column":8},"end":{"line":658,"column":45}},"161":{"start":{"line":659,"column":8},"end":{"line":659,"column":69}},"162":{"start":{"line":659,"column":31},"end":{"line":659,"column":68}},"163":{"start":{"line":660,"column":8},"end":{"line":660,"column":69}},"164":{"start":{"line":660,"column":31},"end":{"line":660,"column":68}},"165":{"start":{"line":678,"column":8},"end":{"line":678,"column":43}},"166":{"start":{"line":679,"column":8},"end":{"line":679,"column":60}},"167":{"start":{"line":682,"column":8},"end":{"line":682,"column":59}},"168":{"start":{"line":684,"column":8},"end":{"line":684,"column":21757}},"169":{"start":{"line":686,"column":12},"end":{"line":686,"column":35}},"170":{"start":{"line":687,"column":12},"end":{"line":687,"column":35}},"171":{"start":{"line":688,"column":12},"end":{"line":688,"column":46}},"172":{"start":{"line":689,"column":15},"end":{"line":689,"column":21984}},"173":{"start":{"line":690,"column":12},"end":{"line":690,"column":35}},"174":{"start":{"line":691,"column":12},"end":{"line":691,"column":56}},"175":{"start":{"line":692,"column":15},"end":{"line":692,"column":22115}},"176":{"start":{"line":693,"column":12},"end":{"line":693,"column":35}},"177":{"start":{"line":694,"column":12},"end":{"line":694,"column":56}},"178":{"start":{"line":696,"column":12},"end":{"line":696,"column":22265}},"179":{"start":{"line":700,"column":12},"end":{"line":700,"column":38}},"180":{"start":{"line":703,"column":12},"end":{"line":703,"column":52}},"181":{"start":{"line":704,"column":12},"end":{"line":704,"column":52}},"182":{"start":{"line":705,"column":12},"end":{"line":705,"column":66}},"183":{"start":{"line":716,"column":8},"end":{"line":716,"column":22825}},"184":{"start":{"line":720,"column":8},"end":{"line":720,"column":22954}},"185":{"start":{"line":724,"column":8},"end":{"line":724,"column":64}},"186":{"start":{"line":725,"column":8},"end":{"line":725,"column":64}},"187":{"start":{"line":735,"column":8},"end":{"line":735,"column":23456}},"188":{"start":{"line":742,"column":8},"end":{"line":742,"column":23600}},"189":{"start":{"line":749,"column":8},"end":{"line":749,"column":76}},"190":{"start":{"line":750,"column":8},"end":{"line":750,"column":76}},"191":{"start":{"line":751,"column":8},"end":{"line":751,"column":76}},"192":{"start":{"line":759,"column":8},"end":{"line":759,"column":24241}},"193":{"start":{"line":770,"column":8},"end":{"line":770,"column":24618}},"194":{"start":{"line":778,"column":8},"end":{"line":778,"column":28}},"195":{"start":{"line":783,"column":8},"end":{"line":783,"column":24}},"196":{"start":{"line":788,"column":8},"end":{"line":788,"column":37}},"197":{"start":{"line":789,"column":8},"end":{"line":789,"column":25}},"198":{"start":{"line":793,"column":8},"end":{"line":793,"column":76}},"199":{"start":{"line":798,"column":8},"end":{"line":798,"column":25395}},"200":{"start":{"line":802,"column":8},"end":{"line":802,"column":72}},"201":{"start":{"line":807,"column":8},"end":{"line":807,"column":68}},"202":{"start":{"line":808,"column":8},"end":{"line":808,"column":72}},"203":{"start":{"line":813,"column":8},"end":{"line":813,"column":63}},"204":{"start":{"line":830,"column":8},"end":{"line":830,"column":26221}},"205":{"start":{"line":836,"column":8},"end":{"line":836,"column":42}},"206":{"start":{"line":846,"column":8},"end":{"line":846,"column":57}},"207":{"start":{"line":847,"column":8},"end":{"line":847,"column":26717}},"208":{"start":{"line":863,"column":8},"end":{"line":863,"column":57}},"209":{"start":{"line":864,"column":8},"end":{"line":864,"column":27290}},"210":{"start":{"line":875,"column":8},"end":{"line":875,"column":40}},"211":{"start":{"line":876,"column":8},"end":{"line":876,"column":62}},"212":{"start":{"line":877,"column":8},"end":{"line":877,"column":67}},"213":{"start":{"line":878,"column":8},"end":{"line":878,"column":68}},"214":{"start":{"line":879,"column":8},"end":{"line":879,"column":72}},"215":{"start":{"line":880,"column":8},"end":{"line":880,"column":72}},"216":{"start":{"line":889,"column":8},"end":{"line":889,"column":43}},"217":{"start":{"line":890,"column":8},"end":{"line":890,"column":65}},"218":{"start":{"line":890,"column":25},"end":{"line":890,"column":64}},"219":{"start":{"line":891,"column":8},"end":{"line":891,"column":65}},"220":{"start":{"line":891,"column":25},"end":{"line":891,"column":64}},"221":{"start":{"line":900,"column":8},"end":{"line":900,"column":43}},"222":{"start":{"line":902,"column":8},"end":{"line":902,"column":28745}},"223":{"start":{"line":903,"column":12},"end":{"line":903,"column":65}},"224":{"start":{"line":904,"column":8},"end":{"line":904,"column":28843}},"225":{"start":{"line":905,"column":12},"end":{"line":905,"column":65}}},"branchMap":{"1":{"line":84,"type":"if","locations":[{"start":{"line":84,"column":8},"end":{"line":84,"column":8}},{"start":{"line":84,"column":8},"end":{"line":84,"column":8}}]},"2":{"line":121,"type":"if","locations":[{"start":{"line":121,"column":8},"end":{"line":121,"column":8}},{"start":{"line":121,"column":8},"end":{"line":121,"column":8}}]},"3":{"line":125,"type":"if","locations":[{"start":{"line":125,"column":8},"end":{"line":125,"column":8}},{"start":{"line":125,"column":8},"end":{"line":125,"column":8}}]},"4":{"line":137,"type":"if","locations":[{"start":{"line":137,"column":8},"end":{"line":137,"column":8}},{"start":{"line":137,"column":8},"end":{"line":137,"column":8}}]},"5":{"line":138,"type":"if","locations":[{"start":{"line":138,"column":8},"end":{"line":138,"column":8}},{"start":{"line":138,"column":8},"end":{"line":138,"column":8}}]},"6":{"line":139,"type":"if","locations":[{"start":{"line":139,"column":8},"end":{"line":139,"column":8}},{"start":{"line":139,"column":8},"end":{"line":139,"column":8}}]},"7":{"line":142,"type":"if","locations":[{"start":{"line":142,"column":8},"end":{"line":142,"column":8}},{"start":{"line":142,"column":8},"end":{"line":142,"column":8}}]},"8":{"line":144,"type":"if","locations":[{"start":{"line":144,"column":8},"end":{"line":144,"column":8}},{"start":{"line":144,"column":8},"end":{"line":144,"column":8}}]},"9":{"line":172,"type":"if","locations":[{"start":{"line":172,"column":12},"end":{"line":172,"column":12}},{"start":{"line":172,"column":12},"end":{"line":172,"column":12}}]},"10":{"line":182,"type":"if","locations":[{"start":{"line":182,"column":12},"end":{"line":182,"column":12}},{"start":{"line":182,"column":12},"end":{"line":182,"column":12}}]},"11":{"line":195,"type":"if","locations":[{"start":{"line":195,"column":8},"end":{"line":195,"column":8}},{"start":{"line":195,"column":8},"end":{"line":195,"column":8}}]},"12":{"line":211,"type":"if","locations":[{"start":{"line":211,"column":8},"end":{"line":211,"column":8}},{"start":{"line":211,"column":8},"end":{"line":211,"column":8}}]},"13":{"line":212,"type":"if","locations":[{"start":{"line":212,"column":8},"end":{"line":212,"column":8}},{"start":{"line":212,"column":8},"end":{"line":212,"column":8}}]},"14":{"line":240,"type":"if","locations":[{"start":{"line":240,"column":8},"end":{"line":240,"column":8}},{"start":{"line":240,"column":8},"end":{"line":240,"column":8}}]},"15":{"line":241,"type":"if","locations":[{"start":{"line":241,"column":8},"end":{"line":241,"column":8}},{"start":{"line":241,"column":8},"end":{"line":241,"column":8}}]},"16":{"line":243,"type":"if","locations":[{"start":{"line":243,"column":8},"end":{"line":243,"column":8}},{"start":{"line":243,"column":8},"end":{"line":243,"column":8}}]},"17":{"line":244,"type":"if","locations":[{"start":{"line":244,"column":8},"end":{"line":244,"column":8}},{"start":{"line":244,"column":8},"end":{"line":244,"column":8}}]},"18":{"line":252,"type":"if","locations":[{"start":{"line":252,"column":8},"end":{"line":252,"column":8}},{"start":{"line":252,"column":8},"end":{"line":252,"column":8}}]},"19":{"line":269,"type":"if","locations":[{"start":{"line":269,"column":8},"end":{"line":269,"column":8}},{"start":{"line":269,"column":8},"end":{"line":269,"column":8}}]},"20":{"line":308,"type":"if","locations":[{"start":{"line":308,"column":8},"end":{"line":308,"column":8}},{"start":{"line":308,"column":8},"end":{"line":308,"column":8}}]},"21":{"line":337,"type":"if","locations":[{"start":{"line":337,"column":8},"end":{"line":337,"column":8}},{"start":{"line":337,"column":8},"end":{"line":337,"column":8}}]},"22":{"line":379,"type":"if","locations":[{"start":{"line":379,"column":8},"end":{"line":379,"column":8}},{"start":{"line":379,"column":8},"end":{"line":379,"column":8}}]},"23":{"line":406,"type":"if","locations":[{"start":{"line":406,"column":8},"end":{"line":406,"column":8}},{"start":{"line":406,"column":8},"end":{"line":406,"column":8}}]},"24":{"line":468,"type":"if","locations":[{"start":{"line":468,"column":8},"end":{"line":468,"column":8}},{"start":{"line":468,"column":8},"end":{"line":468,"column":8}}]},"25":{"line":496,"type":"if","locations":[{"start":{"line":496,"column":12},"end":{"line":496,"column":12}},{"start":{"line":496,"column":12},"end":{"line":496,"column":12}}]},"26":{"line":507,"type":"if","locations":[{"start":{"line":507,"column":12},"end":{"line":507,"column":12}},{"start":{"line":507,"column":12},"end":{"line":507,"column":12}}]},"27":{"line":518,"type":"if","locations":[{"start":{"line":518,"column":12},"end":{"line":518,"column":12}},{"start":{"line":518,"column":12},"end":{"line":518,"column":12}}]},"28":{"line":522,"type":"if","locations":[{"start":{"line":522,"column":12},"end":{"line":522,"column":12}},{"start":{"line":522,"column":12},"end":{"line":522,"column":12}}]},"29":{"line":549,"type":"if","locations":[{"start":{"line":549,"column":8},"end":{"line":549,"column":8}},{"start":{"line":549,"column":8},"end":{"line":549,"column":8}}]},"30":{"line":577,"type":"if","locations":[{"start":{"line":577,"column":8},"end":{"line":577,"column":8}},{"start":{"line":577,"column":8},"end":{"line":577,"column":8}}]},"31":{"line":578,"type":"if","locations":[{"start":{"line":578,"column":8},"end":{"line":578,"column":8}},{"start":{"line":578,"column":8},"end":{"line":578,"column":8}}]},"32":{"line":589,"type":"if","locations":[{"start":{"line":589,"column":8},"end":{"line":589,"column":8}},{"start":{"line":589,"column":8},"end":{"line":589,"column":8}}]},"33":{"line":590,"type":"if","locations":[{"start":{"line":590,"column":8},"end":{"line":590,"column":8}},{"start":{"line":590,"column":8},"end":{"line":590,"column":8}}]},"34":{"line":627,"type":"if","locations":[{"start":{"line":627,"column":8},"end":{"line":627,"column":8}},{"start":{"line":627,"column":8},"end":{"line":627,"column":8}}]},"35":{"line":629,"type":"if","locations":[{"start":{"line":629,"column":12},"end":{"line":629,"column":12}},{"start":{"line":629,"column":12},"end":{"line":629,"column":12}}]},"36":{"line":642,"type":"if","locations":[{"start":{"line":642,"column":8},"end":{"line":642,"column":8}},{"start":{"line":642,"column":8},"end":{"line":642,"column":8}}]},"37":{"line":644,"type":"if","locations":[{"start":{"line":644,"column":12},"end":{"line":644,"column":12}},{"start":{"line":644,"column":12},"end":{"line":644,"column":12}}]},"38":{"line":659,"type":"if","locations":[{"start":{"line":659,"column":8},"end":{"line":659,"column":8}},{"start":{"line":659,"column":8},"end":{"line":659,"column":8}}]},"39":{"line":660,"type":"if","locations":[{"start":{"line":660,"column":8},"end":{"line":660,"column":8}},{"start":{"line":660,"column":8},"end":{"line":660,"column":8}}]},"40":{"line":684,"type":"if","locations":[{"start":{"line":684,"column":8},"end":{"line":684,"column":8}},{"start":{"line":684,"column":8},"end":{"line":684,"column":8}}]},"41":{"line":689,"type":"if","locations":[{"start":{"line":689,"column":15},"end":{"line":689,"column":15}},{"start":{"line":689,"column":15},"end":{"line":689,"column":15}}]},"42":{"line":692,"type":"if","locations":[{"start":{"line":692,"column":15},"end":{"line":692,"column":15}},{"start":{"line":692,"column":15},"end":{"line":692,"column":15}}]},"43":{"line":700,"type":"if","locations":[{"start":{"line":700,"column":12},"end":{"line":700,"column":12}},{"start":{"line":700,"column":12},"end":{"line":700,"column":12}}]},"44":{"line":793,"type":"if","locations":[{"start":{"line":793,"column":8},"end":{"line":793,"column":8}},{"start":{"line":793,"column":8},"end":{"line":793,"column":8}}]},"45":{"line":798,"type":"if","locations":[{"start":{"line":798,"column":8},"end":{"line":798,"column":8}},{"start":{"line":798,"column":8},"end":{"line":798,"column":8}}]},"46":{"line":802,"type":"if","locations":[{"start":{"line":802,"column":8},"end":{"line":802,"column":8}},{"start":{"line":802,"column":8},"end":{"line":802,"column":8}}]},"47":{"line":807,"type":"if","locations":[{"start":{"line":807,"column":8},"end":{"line":807,"column":8}},{"start":{"line":807,"column":8},"end":{"line":807,"column":8}}]},"48":{"line":808,"type":"if","locations":[{"start":{"line":808,"column":8},"end":{"line":808,"column":8}},{"start":{"line":808,"column":8},"end":{"line":808,"column":8}}]},"49":{"line":813,"type":"if","locations":[{"start":{"line":813,"column":8},"end":{"line":813,"column":8}},{"start":{"line":813,"column":8},"end":{"line":813,"column":8}}]},"50":{"line":876,"type":"if","locations":[{"start":{"line":876,"column":8},"end":{"line":876,"column":8}},{"start":{"line":876,"column":8},"end":{"line":876,"column":8}}]},"51":{"line":877,"type":"if","locations":[{"start":{"line":877,"column":8},"end":{"line":877,"column":8}},{"start":{"line":877,"column":8},"end":{"line":877,"column":8}}]},"52":{"line":878,"type":"if","locations":[{"start":{"line":878,"column":8},"end":{"line":878,"column":8}},{"start":{"line":878,"column":8},"end":{"line":878,"column":8}}]},"53":{"line":879,"type":"if","locations":[{"start":{"line":879,"column":8},"end":{"line":879,"column":8}},{"start":{"line":879,"column":8},"end":{"line":879,"column":8}}]},"54":{"line":880,"type":"if","locations":[{"start":{"line":880,"column":8},"end":{"line":880,"column":8}},{"start":{"line":880,"column":8},"end":{"line":880,"column":8}}]},"55":{"line":889,"type":"if","locations":[{"start":{"line":889,"column":8},"end":{"line":889,"column":8}},{"start":{"line":889,"column":8},"end":{"line":889,"column":8}}]},"56":{"line":890,"type":"if","locations":[{"start":{"line":890,"column":8},"end":{"line":890,"column":8}},{"start":{"line":890,"column":8},"end":{"line":890,"column":8}}]},"57":{"line":891,"type":"if","locations":[{"start":{"line":891,"column":8},"end":{"line":891,"column":8}},{"start":{"line":891,"column":8},"end":{"line":891,"column":8}}]},"58":{"line":900,"type":"if","locations":[{"start":{"line":900,"column":8},"end":{"line":900,"column":8}},{"start":{"line":900,"column":8},"end":{"line":900,"column":8}}]},"59":{"line":902,"type":"if","locations":[{"start":{"line":902,"column":8},"end":{"line":902,"column":8}},{"start":{"line":902,"column":8},"end":{"line":902,"column":8}}]},"60":{"line":904,"type":"if","locations":[{"start":{"line":904,"column":8},"end":{"line":904,"column":8}},{"start":{"line":904,"column":8},"end":{"line":904,"column":8}}]}}}}