TN:
SF:/Users/aditya/Documents/HL/aastra/contracts/Factory.sol
FN:17,constructor
FN:27,createVault
FN:49,updateManager
FN:69,setRouter
FN:84,setGovernance
FN:93,acceptGovernance
FN:101,onlyGovernance
FNF:7
FNH:7
FNDA:102,constructor
FNDA:33,createVault
FNDA:2,updateManager
FNDA:37,setRouter
FNDA:2,setGovernance
FNDA:3,acceptGovernance
FNDA:78,onlyGovernance
DA:18,102
DA:28,33
DA:33,33
DA:40,33
DA:41,33
DA:43,33
DA:51,2
DA:55,2
DA:56,2
DA:61,2
DA:62,2
DA:63,2
DA:65,2
DA:66,2
DA:70,37
DA:74,37
DA:86,2
DA:94,3
DA:98,2
DA:102,78
DA:106,74
LF:21
LH:21
BRDA:28,1,0,33
BRDA:28,1,1,0
BRDA:51,2,0,2
BRDA:51,2,1,0
BRDA:56,3,0,2
BRDA:56,3,1,0
BRDA:70,4,0,37
BRDA:70,4,1,0
BRDA:94,5,0,2
BRDA:94,5,1,1
BRDA:102,6,0,74
BRDA:102,6,1,4
BRF:12
BRH:8
end_of_record
TN:
SF:/Users/aditya/Documents/HL/aastra/contracts/interfaces/IERC20Metadata.sol
FNF:0
FNH:0
LF:0
LH:0
BRF:0
BRH:0
end_of_record
TN:
SF:/Users/aditya/Documents/HL/aastra/contracts/interfaces/IFactory.sol
FNF:0
FNH:0
LF:0
LH:0
BRF:0
BRH:0
end_of_record
TN:
SF:/Users/aditya/Documents/HL/aastra/contracts/interfaces/IRouter.sol
FNF:0
FNH:0
LF:0
LH:0
BRF:0
BRH:0
end_of_record
TN:
SF:/Users/aditya/Documents/HL/aastra/contracts/interfaces/IVault.sol
FNF:0
FNH:0
LF:0
LH:0
BRF:0
BRH:0
end_of_record
TN:
SF:/Users/aditya/Documents/HL/aastra/contracts/libraries/LongMath.sol
FN:11,mulDiv
FNF:1
FNH:1
FNDA:54,mulDiv
DA:21,54
DA:22,54
DA:23,54
DA:30,54
DA:31,54
DA:32,54
DA:35,54
DA:40,0
DA:48,0
DA:49,0
DA:53,0
DA:61,0
DA:63,0
DA:68,0
DA:74,0
DA:77,0
DA:84,0
DA:88,0
DA:89,0
DA:90,0
DA:91,0
DA:92,0
DA:93,0
DA:101,0
DA:102,0
LF:25
LH:7
BRDA:30,1,0,54
BRDA:30,1,1,0
BRDA:31,2,0,54
BRDA:31,2,1,0
BRDA:40,3,0,0
BRDA:40,3,1,0
BRF:6
BRH:2
end_of_record
TN:
SF:/Users/aditya/Documents/HL/aastra/contracts/Router.sol
FN:18,constructor
FN:28,newBaseLiquidity
FN:49,newLimitLiquidity
FN:65,newLiquidity
FN:99,getBaseAmounts
FN:122,getLimitAmounts
FN:145,getBaseTicks
FN:156,getLimitTicks
FN:167,compoundFee
FN:181,_getVault
FNF:10
FNH:10
FNDA:114,constructor
FNDA:22,newBaseLiquidity
FNDA:8,newLimitLiquidity
FNDA:28,newLiquidity
FNDA:6,getBaseAmounts
FNDA:4,getLimitAmounts
FNDA:2,getBaseTicks
FNDA:2,getLimitTicks
FNDA:1,compoundFee
FNDA:30,_getVault
DA:19,114
DA:29,22
DA:30,21
DA:39,20
DA:41,20
DA:50,8
DA:51,7
DA:60,7
DA:62,7
DA:74,28
DA:75,28
DA:76,28
DA:77,28
DA:81,28
DA:82,8
DA:84,28
DA:85,24
DA:86,24
DA:88,24
DA:109,6
DA:110,6
DA:115,6
DA:132,4
DA:133,4
DA:138,4
DA:151,2
DA:152,2
DA:162,2
DA:163,2
DA:168,1
DA:169,1
DA:182,30
DA:185,30
DA:189,28
LF:34
LH:34
BRDA:74,1,0,28
BRDA:74,1,1,0
BRDA:75,2,0,28
BRDA:75,2,1,0
BRDA:81,3,0,8
BRDA:81,3,1,20
BRDA:84,4,0,24
BRDA:84,4,1,4
BRDA:185,5,0,28
BRDA:185,5,1,2
BRF:10
BRH:8
end_of_record
TN:
SF:/Users/aditya/Documents/HL/aastra/contracts/test/ISwapRouter.sol
FNF:0
FNH:0
LF:0
LH:0
BRF:0
BRH:0
end_of_record
TN:
SF:/Users/aditya/Documents/HL/aastra/contracts/test/IWETH.sol
FNF:0
FNH:0
LF:0
LH:0
BRF:0
BRH:0
end_of_record
TN:
SF:/Users/aditya/Documents/HL/aastra/contracts/test/TestToken.sol
FN:12,constructor
FNF:1
FNH:0
FNDA:0,constructor
DA:13,0
LF:1
LH:0
BRF:0
BRH:0
end_of_record
TN:
SF:/Users/aditya/Documents/HL/aastra/contracts/Vault.sol
FN:74,constructor
FN:89,governance
FN:94,strategy
FN:99,router
FN:114,deposit
FN:208,withdraw
FN:250,poke
FN:258,burnLiquidityShare
FN:284,performOptimalSwap
FN:328,mintOptimalLiquidity
FN:373,mintLiquidity
FN:385,compoundFee
FN:395,collectFeeAndReinvest
FN:427,burnAndCollect
FN:440,_burnAndCollect
FN:485,calculateFee
FN:543,swapTokensFromPool
FN:574,collectProtocol
FN:586,collectStrategy
FN:597,setBaseTicks
FN:606,setLimitTicks
FN:615,setMaxTotalSupply
FN:624,emergencyBurnAndCollect
FN:666,_calcSharesAndAmounts
FN:710,getTotalAmounts
FN:729,getPositionAmounts
FN:758,getBalance0
FN:769,getBalance1
FN:777,freezeStrategy
FN:782,freezeUser
FN:787,_toUint128
FN:792,onlyGovernance
FN:797,onlyStrategy
FN:806,onlyRouter
FN:812,onlyUser
FN:818,position
FN:840,_liquidityForAmounts
FN:858,_amountsForLiquidity
FN:874,checkRange
FN:884,uniswapV3MintCallback
FN:895,uniswapV3SwapCallback
FNF:41
FNH:40
FNDA:33,constructor
FNDA:11,governance
FNDA:4,strategy
FNDA:77,router
FNDA:28,deposit
FNDA:3,withdraw
FNDA:95,poke
FNDA:6,burnLiquidityShare
FNDA:16,performOptimalSwap
FNDA:23,mintOptimalLiquidity
FNDA:28,mintLiquidity
FNDA:1,compoundFee
FNDA:2,collectFeeAndReinvest
FNDA:8,burnAndCollect
FNDA:9,_burnAndCollect
FNDA:10,calculateFee
FNDA:16,swapTokensFromPool
FNDA:1,collectProtocol
FNDA:1,collectStrategy
FNDA:20,setBaseTicks
FNDA:7,setLimitTicks
FNDA:1,setMaxTotalSupply
FNDA:1,emergencyBurnAndCollect
FNDA:28,_calcSharesAndAmounts
FNDA:56,getTotalAmounts
FNDA:178,getPositionAmounts
FNDA:92,getBalance0
FNDA:92,getBalance1
FNDA:1,freezeStrategy
FNDA:1,freezeUser
FNDA:1,_toUint128
FNDA:10,onlyGovernance
FNDA:2,onlyStrategy
FNDA:76,onlyRouter
FNDA:32,onlyUser
FNDA:319,position
FNDA:51,_liquidityForAmounts
FNDA:201,_amountsForLiquidity
FNDA:37,checkRange
FNDA:28,uniswapV3MintCallback
FNDA:0,uniswapV3SwapCallback
DA:75,33
DA:76,33
DA:77,33
DA:78,33
DA:79,33
DA:81,33
DA:82,33
DA:84,33
DA:90,11
DA:95,4
DA:100,77
DA:121,28
DA:125,28
DA:128,28
DA:129,28
DA:132,28
DA:137,28
DA:138,28
DA:139,28
DA:142,28
DA:143,28
DA:144,28
DA:145,28
DA:147,28
DA:151,28
DA:155,28
DA:156,28
DA:158,28
DA:161,28
DA:165,28
DA:168,28
DA:172,28
DA:173,3
DA:179,3
DA:182,28
DA:183,1
DA:189,1
DA:193,28
DA:194,28
DA:195,28
DA:211,3
DA:212,3
DA:213,3
DA:216,3
DA:219,3
DA:220,3
DA:223,3
DA:230,3
DA:238,3
DA:239,3
DA:240,3
DA:241,3
DA:243,3
DA:244,3
DA:246,3
DA:251,95
DA:252,95
DA:253,22
DA:264,6
DA:265,6
DA:269,6
DA:270,1
DA:278,1
DA:279,1
DA:291,16
DA:293,16
DA:294,16
DA:295,16
DA:299,16
DA:300,16
DA:302,16
DA:303,16
DA:304,16
DA:308,16
DA:309,16
DA:312,16
DA:316,16
DA:330,23
DA:337,23
DA:338,16
DA:345,16
DA:358,7
DA:378,28
DA:379,28
DA:380,28
DA:387,1
DA:389,1
DA:396,2
DA:398,2
DA:406,2
DA:407,1
DA:409,1
DA:415,1
DA:435,8
DA:453,9
DA:455,9
DA:457,9
DA:465,9
DA:468,9
DA:469,9
DA:473,9
DA:489,10
DA:490,10
DA:491,10
DA:492,10
DA:494,10
DA:496,10
DA:497,10
DA:498,10
DA:499,10
DA:502,10
DA:507,10
DA:508,10
DA:509,10
DA:510,10
DA:513,10
DA:518,10
DA:519,10
DA:520,10
DA:522,10
DA:523,10
DA:524,10
DA:528,10
DA:535,10
DA:546,16
DA:547,16
DA:549,16
DA:550,6
DA:552,10
DA:555,16
DA:566,16
DA:575,1
DA:576,1
DA:577,1
DA:578,1
DA:587,1
DA:588,1
DA:589,1
DA:590,1
DA:599,20
DA:608,7
DA:617,1
DA:627,1
DA:628,1
DA:629,1
DA:630,1
DA:632,1
DA:642,1
DA:643,1
DA:644,1
DA:645,1
DA:647,1
DA:657,1
DA:658,1
DA:659,1
DA:660,1
DA:678,28
DA:679,28
DA:682,28
DA:684,28
DA:686,24
DA:687,24
DA:688,24
DA:690,0
DA:691,0
DA:693,0
DA:694,0
DA:696,4
DA:700,4
DA:703,4
DA:704,4
DA:705,4
DA:716,56
DA:720,56
DA:724,56
DA:725,56
DA:735,178
DA:742,178
DA:749,178
DA:750,178
DA:751,178
DA:759,92
DA:770,92
DA:778,1
DA:783,1
DA:788,1
DA:789,1
DA:793,10
DA:794,5
DA:798,2
DA:802,1
DA:803,1
DA:807,76
DA:808,76
DA:809,75
DA:813,32
DA:814,31
DA:830,319
DA:836,319
DA:846,51
DA:847,51
DA:863,201
DA:864,201
DA:875,37
DA:876,37
DA:877,37
DA:878,37
DA:879,37
DA:880,37
DA:889,28
DA:890,28
DA:891,28
DA:900,0
DA:902,0
DA:903,0
DA:904,0
DA:905,0
LF:217
LH:208
BRDA:84,1,0,0
BRDA:84,1,1,33
BRDA:121,2,0,28
BRDA:121,2,1,0
BRDA:125,3,0,28
BRDA:125,3,1,0
BRDA:137,4,0,28
BRDA:137,4,1,0
BRDA:138,5,0,28
BRDA:138,5,1,0
BRDA:139,6,0,28
BRDA:139,6,1,0
BRDA:142,7,0,28
BRDA:142,7,1,0
BRDA:144,8,0,28
BRDA:144,8,1,0
BRDA:172,9,0,3
BRDA:172,9,1,25
BRDA:182,10,0,1
BRDA:182,10,1,27
BRDA:195,11,0,28
BRDA:195,11,1,0
BRDA:211,12,0,3
BRDA:211,12,1,0
BRDA:212,13,0,3
BRDA:212,13,1,0
BRDA:240,14,0,3
BRDA:240,14,1,0
BRDA:241,15,0,3
BRDA:241,15,1,0
BRDA:243,16,0,3
BRDA:243,16,1,0
BRDA:244,17,0,3
BRDA:244,17,1,0
BRDA:252,18,0,22
BRDA:252,18,1,73
BRDA:269,19,0,1
BRDA:269,19,1,5
BRDA:308,20,0,16
BRDA:308,20,1,0
BRDA:337,21,0,16
BRDA:337,21,1,7
BRDA:379,22,0,28
BRDA:379,22,1,0
BRDA:406,23,0,1
BRDA:406,23,1,1
BRDA:468,24,0,9
BRDA:468,24,1,0
BRDA:496,25,0,10
BRDA:496,25,1,0
BRDA:507,26,0,10
BRDA:507,26,1,0
BRDA:518,27,0,10
BRDA:518,27,1,0
BRDA:522,28,0,10
BRDA:522,28,1,0
BRDA:549,29,0,6
BRDA:549,29,1,10
BRDA:577,30,0,1
BRDA:577,30,1,0
BRDA:578,31,0,1
BRDA:578,31,1,0
BRDA:589,32,0,1
BRDA:589,32,1,0
BRDA:590,33,0,1
BRDA:590,33,1,0
BRDA:627,34,0,1
BRDA:627,34,1,0
BRDA:629,35,0,1
BRDA:629,35,1,0
BRDA:642,36,0,1
BRDA:642,36,1,0
BRDA:644,37,0,1
BRDA:644,37,1,0
BRDA:659,38,0,1
BRDA:659,38,1,0
BRDA:660,39,0,1
BRDA:660,39,1,0
BRDA:684,40,0,24
BRDA:684,40,1,4
BRDA:689,41,0,0
BRDA:689,41,1,4
BRDA:692,42,0,0
BRDA:692,42,1,4
BRDA:700,43,0,4
BRDA:700,43,1,0
BRDA:793,44,0,5
BRDA:793,44,1,5
BRDA:798,45,0,1
BRDA:798,45,1,1
BRDA:802,46,0,1
BRDA:802,46,1,0
BRDA:807,47,0,76
BRDA:807,47,1,0
BRDA:808,48,0,75
BRDA:808,48,1,1
BRDA:813,49,0,31
BRDA:813,49,1,1
BRDA:876,50,0,37
BRDA:876,50,1,0
BRDA:877,51,0,37
BRDA:877,51,1,0
BRDA:878,52,0,37
BRDA:878,52,1,0
BRDA:879,53,0,37
BRDA:879,53,1,0
BRDA:880,54,0,37
BRDA:880,54,1,0
BRDA:889,55,0,28
BRDA:889,55,1,0
BRDA:890,56,0,28
BRDA:890,56,1,0
BRDA:891,57,0,20
BRDA:891,57,1,8
BRDA:900,58,0,0
BRDA:900,58,1,0
BRDA:902,59,0,0
BRDA:902,59,1,0
BRDA:904,60,0,0
BRDA:904,60,1,0
BRF:120
BRH:70
end_of_record
